<?xml version="1.0" encoding="UTF-8"?>
<!-- Generated by org.testng.reporters.JUnitXMLReporter -->
<testsuite ignored="0" hostname="DESKTOP-8HC6CVC" failures="0" tests="3" name="ChromeTest" time="34.513" errors="0" timestamp="2022-05-27T22:10:45 IST">
  <testcase classname="com.mystore.testcases.IndexPageTest" name="verifyLogo" time="0.29"/>
  <testcase classname="com.mystore.testcases.IndexPageTest" name="verifyLogo" time="0.161"/>
  <testcase classname="com.mystore.testcases.IndexPageTest" name="verifyTitle" time="0.035"/>
</testsuite> <!-- ChromeTest -->
